Build started 2009/12/8 8:58:45.
     1>Project "H:\WorkSpace\Code\CPP\virtuanessrc097\ldk\LDK.vcxproj" on node 2 (build target(s)).
     1>_PrepareForBuild:
         Creating "..\Debug\LDK\LDK.unsuccessfulbuild" because "AlwaysCreate" was specified.
       MakeDirsForCl:
         Creating directory "H:\WorkSpace\Code\CPP\virtuanessrc097\ldk\.\Debug\LDK\DB".
         Creating directory "H:\WorkSpace\Code\CPP\virtuanessrc097\ldk\..\Debug\LDK\ASM".
       ClCompile:
         C:\Program Files\Microsoft Visual Studio 10.0\VC\bin\CL.exe /c /ZI /nologo /W3 /WX- /Od /Oy- /D WIN32 /D _DEBUG /D _WINDOWS /D _USRDLL /D LDK_EXPORTS /D _VC80_UPGRADE=0x0600 /D _WINDLL /D _UNICODE /D UNICODE /Gm /EHsc /RTC1 /MTd /GS /fp:precise /Zc:wchar_t /Zc:forScope /Fo"..\Debug\LDK\OBJ\\" /Fd"..\Debug\LDK\DB\vc100.pdb" /Gd /TP /analyze- /errorReport:prompt LDK.cpp
         LDK.cpp
     1>h:\workspace\code\cpp\virtuanessrc097\ldk\ldk.cpp(18): warning C4996: 'strcpy': This function or variable may be unsafe. Consider using strcpy_s instead. To disable deprecation, use _CRT_SECURE_NO_WARNINGS. See online help for details.
                 c:\program files\microsoft visual studio 10.0\vc\include\string.h(72) : see declaration of 'strcpy'
       ResourceCompile:
         C:\Program Files\Microsoft SDKs\Windows\v7.0A\bin\rc.exe /D _DEBUG /D _VC80_UPGRADE=0x0600 /D _UNICODE /D UNICODE /l"0x0411" /nologo /fo"..\Debug\LDK\VirtuaNES.res" VirtuaNES.rc 
       ManifestResourceCompile:
         C:\Program Files\Microsoft SDKs\Windows\v7.0A\bin\rc.exe /nologo /fo"..\Debug\LDK\LDK.dll.embed.manifest.res" ..\Debug\LDK\LDK_manifest.rc 
     1>C:\Program Files\MSBuild\Microsoft.Cpp\v4.0\Microsoft.CppBuild.targets(935,5): warning MSB8012: TargetPath(H:\WorkSpace\Code\CPP\virtuanessrc097\ldk\..\BIN\LDK.dll) does not match the Linker's OutputFile property value (H:\WorkSpace\Code\CPP\virtuanessrc097\bin\Sim_Chinese.vlp). This may cause your project to build incorrectly. To correct this, please make sure that $(OutDir), $(TargetName) and $(TargetExt) property values match the value specified in %(Link.OutputFile).
     1>C:\Program Files\MSBuild\Microsoft.Cpp\v4.0\Microsoft.CppBuild.targets(936,5): warning MSB8012: TargetExt(.dll) does not match the Linker's OutputFile property value (.vlp). This may cause your project to build incorrectly. To correct this, please make sure that $(OutDir), $(TargetName) and $(TargetExt) property values match the value specified in %(Link.OutputFile).
     1>C:\Program Files\MSBuild\Microsoft.Cpp\v4.0\Microsoft.CppBuild.targets(937,5): warning MSB8012: TargetName(LDK) does not match the Linker's OutputFile property value (Sim_Chinese). This may cause your project to build incorrectly. To correct this, please make sure that $(OutDir), $(TargetName) and $(TargetExt) property values match the value specified in %(Link.OutputFile).
       Link:
         C:\Program Files\Microsoft Visual Studio 10.0\VC\bin\link.exe /ERRORREPORT:PROMPT /OUT:"..\bin\Sim_Chinese.vlp" /INCREMENTAL /NOLOGO kernel32.lib user32.lib gdi32.lib winspool.lib comdlg32.lib advapi32.lib shell32.lib ole32.lib oleaut32.lib uuid.lib odbc32.lib odbccp32.lib /DEF:".\LDK.def" /MANIFEST /ManifestFile:"..\Debug\LDK\LDK.dll.intermediate.manifest" /MANIFESTUAC:"level='asInvoker' uiAccess='false'" /DEBUG /PDB:"..\Debug\LDK\DB\LDK.pdb" /TLBID:1 /DYNAMICBASE:NO /IMPLIB:"./LDK.lib" /MACHINE:X86 /DLL ..\Debug\LDK\VirtuaNES.res
         ..\Debug\LDK\OBJ\LDK.obj
         ..\Debug\LDK\LDK.dll.embed.manifest.res
            Creating library ./LDK.lib and object ./LDK.exp
       Manifest:
         C:\Program Files\Microsoft SDKs\Windows\v7.0A\bin\mt.exe /nologo /verbose /out:"..\Debug\LDK\LDK.dll.embed.manifest" /manifest ..\Debug\LDK\LDK.dll.intermediate.manifest
         C:\Program Files\Microsoft SDKs\Windows\v7.0A\bin\rc.exe /nologo /fo"..\Debug\LDK\LDK.dll.embed.manifest.res" ..\Debug\LDK\LDK_manifest.rc 
       LinkEmbedManifest:
         C:\Program Files\Microsoft Visual Studio 10.0\VC\bin\link.exe /ERRORREPORT:PROMPT /OUT:"..\bin\Sim_Chinese.vlp" /INCREMENTAL /NOLOGO kernel32.lib user32.lib gdi32.lib winspool.lib comdlg32.lib advapi32.lib shell32.lib ole32.lib oleaut32.lib uuid.lib odbc32.lib odbccp32.lib /DEF:".\LDK.def" /MANIFEST /ManifestFile:"..\Debug\LDK\LDK.dll.intermediate.manifest" /MANIFESTUAC:"level='asInvoker' uiAccess='false'" /DEBUG /PDB:"..\Debug\LDK\DB\LDK.pdb" /TLBID:1 /DYNAMICBASE:NO /IMPLIB:"./LDK.lib" /MACHINE:X86 /DLL ..\Debug\LDK\VirtuaNES.res
         ..\Debug\LDK\OBJ\LDK.obj
         ..\Debug\LDK\LDK.dll.embed.manifest.res
         LDK.vcxproj -> H:\WorkSpace\Code\CPP\virtuanessrc097\ldk\..\BIN\LDK.dll
       _AfterBuild:
         Deleting file "..\Debug\LDK\LDK.unsuccessfulbuild".
         Touching "..\Debug\LDK\LDK.lastbuildstate".
     1>Done Building Project "H:\WorkSpace\Code\CPP\virtuanessrc097\ldk\LDK.vcxproj" (build target(s)).

Build succeeded.

Time Elapsed 00:00:10.24
